<?xml version="1.0" encoding="UTF-8"?>
<!-- Generated by org.testng.reporters.JUnitReportReporter -->
<testsuite hostname="Haribhau" failures="0" tests="1" name="seleniumwebdriver.webauto" time="10.061" errors="0" timestamp="2023-04-05T14:53:36 IST" skipped="0">
  <testcase classname="seleniumwebdriver.webauto" name="login" time="10.061"/>
  <system-out/>
</testsuite> <!-- seleniumwebdriver.webauto -->
